0 info it worked if it ends with ok
1 verbose cli [ '/usr/local/bin/node', '/usr/local/bin/npm', 'run', 'mock' ]
2 info using npm@3.10.3
3 info using node@v6.6.0
4 verbose run-script [ 'premock', 'mock', 'postmock' ]
5 info lifecycle zb-vue-web@1.0.0~premock: zb-vue-web@1.0.0
6 silly lifecycle zb-vue-web@1.0.0~premock: no script for premock, continuing
7 info lifecycle zb-vue-web@1.0.0~mock: zb-vue-web@1.0.0
8 verbose lifecycle zb-vue-web@1.0.0~mock: unsafe-perm in lifecycle true
9 verbose lifecycle zb-vue-web@1.0.0~mock: PATH: /usr/local/lib/node_modules/npm/bin/node-gyp-bin:/Users/yinshipeng/Documents/workspace/zillionfortune/zb-vue-web/node_modules/.bin:/usr/local/bin:/usr/local/bin:/usr/bin:/bin:/usr/sbin:/sbin:/opt/X11/bin:/usr/local/ant/apache-ant-1.8.1/bin:/usr/local/apache-maven-3.3.3/bin:/Library/Java/JavaVirtualMachines/jdk1.7.0_79.jdk/Contents/Home/bin:/usr/local/mongo/mongodb-osx-x86_64-2.6.11/bin:/usr/local/mysql/bin/bin
10 verbose lifecycle zb-vue-web@1.0.0~mock: CWD: /Users/yinshipeng/Documents/workspace/zillionfortune/zb-vue-web
11 silly lifecycle zb-vue-web@1.0.0~mock: Args: [ '-c',
11 silly lifecycle   'json-server -c src/mock/json-server.json src/mock/db.js' ]
12 silly lifecycle zb-vue-web@1.0.0~mock: Returned: code: 1  signal: null
13 info lifecycle zb-vue-web@1.0.0~mock: Failed to exec mock script
14 verbose stack Error: zb-vue-web@1.0.0 mock: `json-server -c src/mock/json-server.json src/mock/db.js`
14 verbose stack Exit status 1
14 verbose stack     at EventEmitter.<anonymous> (/usr/local/lib/node_modules/npm/lib/utils/lifecycle.js:242:16)
14 verbose stack     at emitTwo (events.js:106:13)
14 verbose stack     at EventEmitter.emit (events.js:191:7)
14 verbose stack     at ChildProcess.<anonymous> (/usr/local/lib/node_modules/npm/lib/utils/spawn.js:40:14)
14 verbose stack     at emitTwo (events.js:106:13)
14 verbose stack     at ChildProcess.emit (events.js:191:7)
14 verbose stack     at maybeClose (internal/child_process.js:877:16)
14 verbose stack     at Process.ChildProcess._handle.onexit (internal/child_process.js:226:5)
15 verbose pkgid zb-vue-web@1.0.0
16 verbose cwd /Users/yinshipeng/Documents/workspace/zillionfortune/zb-vue-web
17 error Darwin 16.0.0
18 error argv "/usr/local/bin/node" "/usr/local/bin/npm" "run" "mock"
19 error node v6.6.0
20 error npm  v3.10.3
21 error code ELIFECYCLE
22 error zb-vue-web@1.0.0 mock: `json-server -c src/mock/json-server.json src/mock/db.js`
22 error Exit status 1
23 error Failed at the zb-vue-web@1.0.0 mock script 'json-server -c src/mock/json-server.json src/mock/db.js'.
23 error Make sure you have the latest version of node.js and npm installed.
23 error If you do, this is most likely a problem with the zb-vue-web package,
23 error not with npm itself.
23 error Tell the author that this fails on your system:
23 error     json-server -c src/mock/json-server.json src/mock/db.js
23 error You can get information on how to open an issue for this project with:
23 error     npm bugs zb-vue-web
23 error Or if that isn't available, you can get their info via:
23 error     npm owner ls zb-vue-web
23 error There is likely additional logging output above.
24 verbose exit [ 1, true ]
